
2025-05-12T18:12:06 WARN API request to /api/users/7 completed
2025-05-12T18:12:07 INFO Cache hit ratio: 0.55
2025-05-12T18:12:09 DEBUG Database query executed in 37ms
2025-05-12T18:12:10 ERROR Cache hit ratio: 0.62
2025-05-12T18:12:12 INFO Database query executed in 184ms
2025-05-12T18:12:13 DEBUG API request to /api/users/5 completed
2025-05-12T18:12:14 DEBUG Database query executed in 349ms
2025-05-12T18:12:16 WARN CPU usage: 34%
2025-05-12T18:12:18 DEBUG Memory usage: 763MB
2025-05-12T18:12:21 DEBUG Failed to connect to service: service-2
2025-05-12T18:12:23 WARN Request processed request_id=req-682 duration=467ms
2025-05-12T18:12:24 INFO Failed to connect to service: service-5
2025-05-12T18:12:26 INFO API request to /api/users/8 completed
2025-05-12T18:12:27 ERROR API request to /api/users/3 completed
2025-05-12T18:12:29 INFO User login successful user_id=842
2025-05-12T18:12:32 INFO Memory usage: 759MB
2025-05-12T18:12:34 WARN API request to /api/users/10 completed
2025-05-12T18:12:35 ERROR Request processed request_id=req-874 duration=468ms
2025-05-12T18:12:37 WARN Failed to connect to service: service-3
2025-05-12T18:12:38 ERROR User login successful user_id=197
2025-05-12T18:12:40 DEBUG Cache hit ratio: 0.39
2025-05-12T18:12:41 WARN CPU usage: 77%
2025-05-12T18:12:42 INFO Memory usage: 0MB
2025-05-12T18:12:43 INFO Cache hit ratio: 0.91
2025-05-12T18:12:45 DEBUG Request processed request_id=req-309 duration=194ms
2025-05-12T18:12:47 INFO Cache hit ratio: 0.40
2025-05-12T18:12:49 ERROR Cache hit ratio: 0.14
2025-05-12T18:12:49 INFO Request processed request_id=req-453 duration=294ms
2025-05-12T18:12:50 DEBUG Database query executed in 342ms
2025-05-12T18:12:53 ERROR Request processed request_id=req-947 duration=40ms
2025-05-12T18:12:56 WARN API request to /api/users/5 completed
2025-05-12T18:12:58 WARN Failed to connect to service: service-2
2025-05-12T18:13:00 DEBUG Cache hit ratio: 0.54
2025-05-12T18:13:02 WARN Cache hit ratio: 0.28
2025-05-12T18:13:03 DEBUG CPU usage: 42%
2025-05-12T18:13:03 WARN Request processed request_id=req-205 duration=103ms
2025-05-12T18:13:04 WARN Database query executed in 451ms
2025-05-12T18:13:07 WARN CPU usage: 23%
2025-05-12T18:13:09 DEBUG Request processed request_id=req-405 duration=497ms
2025-05-12T18:13:10 DEBUG Request processed request_id=req-673 duration=221ms
2025-05-12T18:13:12 ERROR Request processed request_id=req-190 duration=372ms
2025-05-12T18:13:13 DEBUG Request processed request_id=req-353 duration=61ms
2025-05-12T18:13:14 WARN Failed to connect to service: service-2
2025-05-12T18:13:16 WARN API request to /api/users/3 completed
2025-05-12T18:13:17 DEBUG Cache hit ratio: 0.62
2025-05-12T18:13:19 ERROR API request to /api/users/2 completed
2025-05-12T18:13:20 ERROR Cache hit ratio: 0.24
2025-05-12T18:13:21 WARN Database query executed in 197ms
2025-05-12T18:13:23 ERROR API request to /api/users/1 completed
2025-05-12T18:13:25 ERROR API request to /api/users/9 completed
2025-05-12T18:13:28 INFO Failed to connect to service: service-4
2025-05-12T18:13:30 INFO CPU usage: 14%
